<component name="libraryTable">
  <library name="JUnit4_11">
    <CLASSES>
      <root url="jar://G:/Dev/JAVA/Libraries/JUnit/junit-4.12.jar!/" />
      <root url="jar://G:/Dev/JAVA/Libraries/JUnit/hamcrest-core-1.3.jar!/" />
    </CLASSES>
    <JAVADOC />
    <SOURCES />
  </library>
</component>