<?xml version="1.0" encoding="UTF-8"?>
<!-- Generated by org.testng.reporters.JUnitReportReporter -->
<testsuite hostname="Mobile-PC" name="mouseOver.LifeLockPageTest" tests="1" failures="0" timestamp="24 Jul 2013 01:02:04 GMT" time="23.994" errors="0">
  <testcase name="f" time="23.994" classname="mouseOver.LifeLockPageTest"/>
</testsuite> <!-- mouseOver.LifeLockPageTest -->
