<?xml version="1.0" encoding="UTF-8"?>
<!-- Generated by org.testng.reporters.JUnitReportReporter -->
<testsuite hostname="PORTABLEONE" name="tables.TableExampleTest" tests="3" failures="0" timestamp="10 Feb 2015 00:34:49 GMT" time="7.039" errors="0">
  <testcase name="f" time="0.010" classname="tables.TableExampleTest"/>
  <testcase name="printAllRows" time="7.028" classname="tables.TableExampleTest"/>
  <testcase name="f" time="0.001" classname="tables.TableExampleTest"/>
</testsuite> <!-- tables.TableExampleTest -->
