<?xml version="1.0" encoding="UTF-8"?>
<!-- Generated by org.testng.reporters.JUnitReportReporter -->
<testsuite hostname="PORTABLEONE" name="pageObjectModel.BmiCalcPageTest" tests="1" failures="0" timestamp="10 Feb 2015 05:10:06 GMT" time="4.089" errors="0">
  <testcase name="BmiCalcPage" time="4.089" classname="pageObjectModel.BmiCalcPageTest"/>
</testsuite> <!-- pageObjectModel.BmiCalcPageTest -->
