<?xml version="1.0" encoding="UTF-8"?>
<!-- Generated by org.testng.reporters.JUnitReportReporter -->
<testsuite hostname="PORTABLEONE" name="recording.GoogleSearchTest" tests="1" failures="0" timestamp="10 Feb 2015 06:41:50 GMT" time="0.011" errors="0">
  <testcase name="testGoogleSearch" time="0.011" classname="recording.GoogleSearchTest"/>
</testsuite> <!-- recording.GoogleSearchTest -->
