<?xml version="1.0" encoding="UTF-8"?>
<!-- Generated by org.testng.reporters.JUnitReportReporter -->
<testsuite hostname="PORTABLEONE" name="appium.AppiumExample" tests="1" failures="0" timestamp="26 Feb 2015 23:14:50 GMT" time="0.008" errors="0">
  <testcase name="Cal" time="0.008" classname="appium.AppiumExample"/>
</testsuite> <!-- appium.AppiumExample -->
