<?xml version="1.0" encoding="UTF-8"?>
<!-- Generated by org.testng.reporters.JUnitReportReporter -->
<testsuite hostname="PORTABLEONE" name="cookies.HandlingCookiesTest" tests="3" failures="0" timestamp="9 Feb 2015 22:54:38 GMT" time="13.830" errors="0">
  <testcase name="CookiesExamples" time="13.827" classname="cookies.HandlingCookiesTest"/>
  <testcase name="f" time="0.002" classname="cookies.HandlingCookiesTest"/>
  <testcase name="f" time="0.001" classname="cookies.HandlingCookiesTest"/>
</testsuite> <!-- cookies.HandlingCookiesTest -->
