<?xml version="1.0" encoding="UTF-8"?>
<!-- Generated by org.testng.reporters.JUnitReportReporter -->
<testsuite hostname="Mobile-PC" name="pageObjects.BmiCalculatorTests" tests="1" failures="0" timestamp="25 Jul 2013 20:44:02 GMT" time="7.613" errors="0">
  <testcase name="testBmiCalculation" time="7.613" classname="pageObjects.BmiCalculatorTests"/>
</testsuite> <!-- pageObjects.BmiCalculatorTests -->
