<?xml version="1.0" encoding="UTF-8"?>
<!-- Generated by org.testng.reporters.JUnitReportReporter -->
<testsuite hostname="PORTABLEONE" name="practice.NewTest" tests="1" failures="0" timestamp="23 Jan 2015 02:36:31 GMT" time="5.270" errors="0">
  <testcase name="scriptTest" time="5.270" classname="practice.NewTest"/>
</testsuite> <!-- practice.NewTest -->
