<?xml version="1.0" encoding="UTF-8"?>
<!-- Generated by org.testng.reporters.JUnitReportReporter -->
<testsuite hostname="PORTABLEONE" name="windowsUtils.WindowsRegistryTest" tests="2" failures="1" timestamp="23 Jan 2015 04:58:04 GMT" time="0.198" errors="0">
  <testcase name="WriteRegValue" time="0.147" classname="windowsUtils.WindowsRegistryTest"/>
  <testcase name="readRegValue" time="0.051" classname="windowsUtils.WindowsRegistryTest">
    <failure type="org.openqa.selenium.os.WindowsRegistryException" message="Problem while managing the registry, OS Version &#039;6.3&#039;, regVersion1 = false
Build info: version: &#039;2.44.0&#039;, revision: &#039;76d78cf&#039;, time: &#039;2014-10-23 20:02:37&#039;
System info: host: &#039;PORTABLEONE&#039;, ip: &#039;10.0.0.21&#039;, os.name: &#039;Windows 8.1&#039;, os.arch: &#039;amd64&#039;, os.version: &#039;6.3&#039;, java.version: &#039;1.8.0_11&#039;
Driver info: driver.version: unknown">
      <![CDATA[org.openqa.selenium.os.WindowsRegistryException: Problem while managing the registry, OS Version '6.3', regVersion1 = false
Build info: version: '2.44.0', revision: '76d78cf', time: '2014-10-23 20:02:37'
System info: host: 'PORTABLEONE', ip: '10.0.0.21', os.name: 'Windows 8.1', os.arch: 'amd64', os.version: '6.3', java.version: '1.8.0_11'
Driver info: driver.version: unknown
	at org.openqa.selenium.os.WindowsUtils.executeCommand(WindowsUtils.java:564)
	at org.openqa.selenium.os.WindowsUtils.runRegQuery(WindowsUtils.java:633)
	at org.openqa.selenium.os.WindowsUtils.readStringRegistryValue(WindowsUtils.java:453)
	at windowsUtils.WindowsRegistry.readRegValue(WindowsRegistry.java:9)
	at windowsUtils.WindowsRegistryTest.readRegValue(WindowsRegistryTest.java:21)
	at sun.reflect.NativeMethodAccessorImpl.invoke0(Native Method)
	at sun.reflect.NativeMethodAccessorImpl.invoke(Unknown Source)
	at sun.reflect.DelegatingMethodAccessorImpl.invoke(Unknown Source)
	at java.lang.reflect.Method.invoke(Unknown Source)
	at org.testng.internal.MethodInvocationHelper.invokeMethod(MethodInvocationHelper.java:84)
	at org.testng.internal.Invoker.invokeMethod(Invoker.java:714)
	at org.testng.internal.Invoker.invokeTestMethod(Invoker.java:901)
	at org.testng.internal.Invoker.invokeTestMethods(Invoker.java:1231)
	at org.testng.internal.TestMethodWorker.invokeTestMethods(TestMethodWorker.java:127)
	at org.testng.internal.TestMethodWorker.run(TestMethodWorker.java:111)
	at org.testng.TestRunner.privateRun(TestRunner.java:767)
	at org.testng.TestRunner.run(TestRunner.java:617)
	at org.testng.SuiteRunner.runTest(SuiteRunner.java:334)
	at org.testng.SuiteRunner.runSequentially(SuiteRunner.java:329)
	at org.testng.SuiteRunner.privateRun(SuiteRunner.java:291)
	at org.testng.SuiteRunner.run(SuiteRunner.java:240)
	at org.testng.SuiteRunnerWorker.runSuite(SuiteRunnerWorker.java:52)
	at org.testng.SuiteRunnerWorker.run(SuiteRunnerWorker.java:86)
	at org.testng.TestNG.runSuitesSequentially(TestNG.java:1224)
	at org.testng.TestNG.runSuitesLocally(TestNG.java:1149)
	at org.testng.TestNG.run(TestNG.java:1057)
	at org.testng.remote.RemoteTestNG.run(RemoteTestNG.java:111)
	at org.testng.remote.RemoteTestNG.initAndRun(RemoteTestNG.java:204)
	at org.testng.remote.RemoteTestNG.main(RemoteTestNG.java:175)
Caused by: java.lang.RuntimeException: exec return code 1: ERROR: The system was unable to find the specified registry key or value.

	at org.openqa.selenium.os.WindowsRegistryException.<init>(WindowsRegistryException.java:35)
	... 29 more
]]>
    </failure>
  </testcase> <!-- readRegValue -->
</testsuite> <!-- windowsUtils.WindowsRegistryTest -->
