<?xml version="1.0" encoding="UTF-8"?>
<!-- Generated by org.testng.reporters.JUnitReportReporter -->
<testsuite hostname="PORTABLEONE" name="dataProvider.DataProvider" tests="2" failures="0" timestamp="31 Mar 2015 01:01:52 GMT" time="0.008" errors="0">
  <testcase name="test" time="0.008" classname="dataProvider.DataProvider"/>
  <testcase name="test" time="0.000" classname="dataProvider.DataProvider"/>
</testsuite> <!-- dataProvider.DataProvider -->
