<?xml version="1.0" encoding="UTF-8"?>
<!-- Generated by org.testng.reporters.JUnitReportReporter -->
<testsuite hostname="Mobile-PC" name="dataDriven.TestNGDDTTest" tests="4" failures="0" timestamp="24 Jul 2013 19:08:57 GMT" time="17.381" errors="0">
  <testcase name="testBMICalculator" time="4.247" classname="dataDriven.TestNGDDTTest"/>
  <testcase name="testBMICalculator" time="4.621" classname="dataDriven.TestNGDDTTest"/>
  <testcase name="testBMICalculator" time="4.275" classname="dataDriven.TestNGDDTTest"/>
  <testcase name="testBMICalculator" time="4.238" classname="dataDriven.TestNGDDTTest"/>
</testsuite> <!-- dataDriven.TestNGDDTTest -->
